  Character.cpp
  Terrain.cpp
  World.cpp
C:\Win32API\dontstarveCopy\Terrain.cpp(22,1): error C2857: /Ycpch.h 명령줄 옵션과 함께 지정한 '#include' 문이 소스 파일에 없습니다.
C:\Win32API\dontstarveCopy\World.cpp(18,26): error C2512: 'Terrain': 사용할 수 있는 적절한 기본 생성자가 없습니다.
C:\Win32API\dontstarveCopy\World.cpp(21,73): error C2653: 'TerrainType': 클래스 또는 네임스페이스 이름이 아닙니다.
C:\Win32API\dontstarveCopy\World.cpp(21,86): error C2065: 'Water': 선언되지 않은 식별자입니다.
C:\Win32API\dontstarveCopy\World.cpp(27,29): error C2065: 'terrains': 선언되지 않은 식별자입니다.
C:\Win32API\dontstarveCopy\World.cpp(27,27): error C2143: 구문 오류: ';'이(가) ':' 앞에 없습니다.
C:\Win32API\dontstarveCopy\World.cpp(27,37): error C2143: 구문 오류: ';'이(가) ')' 앞에 없습니다.
C:\Win32API\dontstarveCopy\World.cpp(69,20): warning C4244: '초기화 중': 'double'에서 'int'(으)로 변환하면서 데이터가 손실될 수 있습니다.
C:\Win32API\dontstarveCopy\World.cpp(70,21): warning C4244: '초기화 중': 'double'에서 'int'(으)로 변환하면서 데이터가 손실될 수 있습니다.
C:\Win32API\dontstarveCopy\World.cpp(78,9): error C2065: 'terrains': 선언되지 않은 식별자입니다.
C:\Win32API\dontstarveCopy\World.cpp(78,70): error C2653: 'TerrainType': 클래스 또는 네임스페이스 이름이 아닙니다.
C:\Win32API\dontstarveCopy\World.cpp(78,83): error C2065: 'Ground': 선언되지 않은 식별자입니다.
  dontstarveCopy.cpp
C:\Win32API\dontstarveCopy\dontstarveCopy.cpp(79,14): error C2665: 'World::World': 모든 인수 형식을 변환할 수 있는 오버로드된 함수가 없습니다.
      C:\Win32API\dontstarveCopy\World.h(14,5):
      'World::World(RECT *,int)'일 수 있습니다.
          C:\Win32API\dontstarveCopy\dontstarveCopy.cpp(79,14):
          'World::World(RECT *,int)': 인수 2을(를) 'RECT *'에서 'int'(으)로 변환할 수 없습니다.
              C:\Win32API\dontstarveCopy\dontstarveCopy.cpp(79,27):
              이 변환이 가능한 컨텍스트가 없습니다.
      C:\Win32API\dontstarveCopy\dontstarveCopy.cpp(79,14):
      인수 목록 '(RECT *, RECT *)'을(를) 일치시키는 동안
  
C:\Win32API\dontstarveCopy\dontstarveCopy.cpp(100,31): warning C4244: '초기화 중': 'ULONGLONG'에서 'DWORD'(으)로 변환하면서 데이터가 손실될 수 있습니다.
  Object.cpp
