d:\project\win32api\dontstarvecopy\dontstarvecopy\x64\debug\vc143.pdb
d:\project\win32api\dontstarvecopy\dontstarvecopy\x64\debug\vc143.idb
d:\project\win32api\dontstarvecopy\dontstarvecopy\x64\debug\world.obj
d:\project\win32api\dontstarvecopy\dontstarvecopy\x64\debug\timemgr.obj
d:\project\win32api\dontstarvecopy\dontstarvecopy\x64\debug\terrain.obj
d:\project\win32api\dontstarvecopy\dontstarvecopy\x64\debug\scene_start.obj
d:\project\win32api\dontstarvecopy\dontstarvecopy\x64\debug\scenemgr.obj
d:\project\win32api\dontstarvecopy\dontstarvecopy\x64\debug\scene.obj
d:\project\win32api\dontstarvecopy\dontstarvecopy\x64\debug\restex.obj
d:\project\win32api\dontstarvecopy\dontstarvecopy\x64\debug\resmgr.obj
d:\project\win32api\dontstarvecopy\dontstarvecopy\x64\debug\resaud.obj
d:\project\win32api\dontstarvecopy\dontstarvecopy\x64\debug\player.obj
d:\project\win32api\dontstarvecopy\dontstarvecopy\x64\debug\pathmgr.obj
d:\project\win32api\dontstarvecopy\dontstarvecopy\x64\debug\object.obj
d:\project\win32api\dontstarvecopy\dontstarvecopy\x64\debug\monster.obj
d:\project\win32api\dontstarvecopy\dontstarvecopy\x64\debug\keymgr.obj
d:\project\win32api\dontstarvecopy\dontstarvecopy\x64\debug\dontstarvecopy.obj
d:\project\win32api\dontstarvecopy\dontstarvecopy\x64\debug\core.obj
d:\project\win32api\dontstarvecopy\dontstarvecopy\x64\debug\attack.obj
d:\project\win32api\dontstarvecopy\dontstarvecopy\x64\debug\res.obj
d:\project\win32api\dontstarvecopy\dontstarvecopy\x64\debug\collider.obj
d:\project\win32api\dontstarvecopy\dontstarvecopy\x64\debug\selectgdi.obj
d:\project\win32api\dontstarvecopy\dontstarvecopy\x64\debug\func.obj
d:\project\win32api\dontstarvecopy\dontstarvecopy\x64\debug\eventmgr.obj
d:\project\win32api\dontstarvecopy\dontstarvecopy\x64\debug\collisionmgr.obj
d:\project\win32api\dontstarvecopy\dontstarvecopy\x64\debug\scenecave.obj
d:\project\win32api\dontstarvecopy\output\bin_debug\dontstarvecopy.exe
d:\project\win32api\dontstarvecopy\output\bin_debug\dontstarvecopy.pdb
d:\project\win32api\dontstarvecopy\dontstarvecopy\x64\debug\dontstarvecopy.res
d:\project\win32api\dontstarvecopy\dontstarvecopy\x64\debug\dontstarvecopy.ilk
d:\project\win32api\dontstarvecopy\dontstarvecopy\x64\debug\character.obj
d:\project\win32api\dontstarvecopy\dontstarvecopy\x64\debug\pathmgr.obj.enc
d:\project\win32api\dontstarvecopy\dontstarvecopy\x64\debug\restex.obj.enc
d:\project\win32api\dontstarvecopy\dontstarvecopy\x64\debug\dontstarvecopy.tlog\cl.command.1.tlog
d:\project\win32api\dontstarvecopy\dontstarvecopy\x64\debug\dontstarvecopy.tlog\cl.items.tlog
d:\project\win32api\dontstarvecopy\dontstarvecopy\x64\debug\dontstarvecopy.tlog\cl.read.1.tlog
d:\project\win32api\dontstarvecopy\dontstarvecopy\x64\debug\dontstarvecopy.tlog\cl.write.1.tlog
d:\project\win32api\dontstarvecopy\dontstarvecopy\x64\debug\dontstarvecopy.tlog\link.command.1.tlog
d:\project\win32api\dontstarvecopy\dontstarvecopy\x64\debug\dontstarvecopy.tlog\link.read.1.tlog
d:\project\win32api\dontstarvecopy\dontstarvecopy\x64\debug\dontstarvecopy.tlog\link.secondary.1.tlog
d:\project\win32api\dontstarvecopy\dontstarvecopy\x64\debug\dontstarvecopy.tlog\link.write.1.tlog
d:\project\win32api\dontstarvecopy\dontstarvecopy\x64\debug\dontstarvecopy.tlog\rc.command.1.tlog
d:\project\win32api\dontstarvecopy\dontstarvecopy\x64\debug\dontstarvecopy.tlog\rc.read.1.tlog
d:\project\win32api\dontstarvecopy\dontstarvecopy\x64\debug\dontstarvecopy.tlog\rc.write.1.tlog
